2019-12-08 18:21:16.523 - INFO  [           main] o.s.b.StartupInfoLogger        : Starting SimProApplication on SD-20191111PQPQ with PID 6840 (F:\WorkSpace\IDEA-WorkSpace\simple\sim-pro\target\classes started by Administrator in F:\WorkSpace\IDEA-WorkSpace\simple)
2019-12-08 18:21:16.531 - INFO  [           main] o.s.b.SpringApplication        : No active profile set, falling back to default profiles: default
2019-12-08 18:21:17.298 - INFO  [           main] o.s.b.w.e.t.TomcatWebServer    : Tomcat initialized with port(s): 8081 (http)
2019-12-08 18:21:17.305 - INFO  [           main] o.a.j.l.DirectJDKLog           : Initializing ProtocolHandler ["http-nio-8081"]
2019-12-08 18:21:17.306 - INFO  [           main] o.a.j.l.DirectJDKLog           : Starting service [Tomcat]
2019-12-08 18:21:17.307 - INFO  [           main] o.a.j.l.DirectJDKLog           : Starting Servlet engine: [Apache Tomcat/9.0.29]
2019-12-08 18:21:17.365 - INFO  [           main] o.a.j.l.DirectJDKLog           : Initializing Spring embedded WebApplicationContext
2019-12-08 18:21:17.365 - INFO  [           main] letWebServerApplicationContext : Root WebApplicationContext: initialization completed in 785 ms
2019-12-08 18:21:17.437 - INFO  [           main] a.DruidDataSourceAutoConfigure : Init DruidDataSource
2019-12-08 18:21:17.880 - INFO  [           main] c.a.d.p.DruidDataSource        : {dataSource-1} inited
2019-12-08 18:21:18.149 - WARN  [           main] daDateTimeJacksonConfiguration : Auto-configuration of Jackson's Joda-Time integration is deprecated in favor of using java.time (JSR-310).
2019-12-08 18:21:18.180 - INFO  [           main] c.ExecutorConfigurationSupport : Initializing ExecutorService 'applicationTaskExecutor'
2019-12-08 18:21:18.374 - INFO  [           main] o.a.j.l.DirectJDKLog           : Starting ProtocolHandler ["http-nio-8081"]
2019-12-08 18:21:18.397 - INFO  [           main] o.s.b.w.e.t.TomcatWebServer    : Tomcat started on port(s): 8081 (http) with context path ''
2019-12-08 18:21:18.399 - INFO  [           main] o.s.b.StartupInfoLogger        : Started SimProApplication in 2.433 seconds (JVM running for 3.139)
2019-12-08 18:21:25.484 - INFO  [nio-8081-exec-1] o.a.j.l.DirectJDKLog           : Initializing Spring DispatcherServlet 'dispatcherServlet'
2019-12-08 18:21:25.484 - INFO  [nio-8081-exec-1] o.s.w.s.FrameworkServlet       : Initializing Servlet 'dispatcherServlet'
2019-12-08 18:21:25.488 - INFO  [nio-8081-exec-1] o.s.w.s.FrameworkServlet       : Completed initialization in 4 ms
2019-12-08 18:21:25.510 - WARN  [nio-8081-exec-1] stractHandlerExceptionResolver : Resolved [org.springframework.web.bind.MissingServletRequestParameterException: Required String parameter 'username' is not present]
2019-12-08 18:21:51.985 - WARN  [nio-8081-exec-2] stractHandlerExceptionResolver : Resolved [org.springframework.web.bind.MissingServletRequestParameterException: Required String parameter 'username' is not present]
2019-12-08 18:22:14.930 - INFO  [extShutdownHook] c.ExecutorConfigurationSupport : Shutting down ExecutorService 'applicationTaskExecutor'
2019-12-08 18:22:14.933 - INFO  [extShutdownHook] c.a.d.p.DruidDataSource        : {dataSource-1} closed
2019-12-08 18:22:18.016 - INFO  [           main] o.s.b.StartupInfoLogger        : Starting SimProApplication on SD-20191111PQPQ with PID 2508 (F:\WorkSpace\IDEA-WorkSpace\simple\sim-pro\target\classes started by Administrator in F:\WorkSpace\IDEA-WorkSpace\simple)
2019-12-08 18:22:18.023 - INFO  [           main] o.s.b.SpringApplication        : No active profile set, falling back to default profiles: default
2019-12-08 18:22:18.810 - INFO  [           main] o.s.b.w.e.t.TomcatWebServer    : Tomcat initialized with port(s): 8081 (http)
2019-12-08 18:22:18.817 - INFO  [           main] o.a.j.l.DirectJDKLog           : Initializing ProtocolHandler ["http-nio-8081"]
2019-12-08 18:22:18.818 - INFO  [           main] o.a.j.l.DirectJDKLog           : Starting service [Tomcat]
2019-12-08 18:22:18.818 - INFO  [           main] o.a.j.l.DirectJDKLog           : Starting Servlet engine: [Apache Tomcat/9.0.29]
2019-12-08 18:22:18.880 - INFO  [           main] o.a.j.l.DirectJDKLog           : Initializing Spring embedded WebApplicationContext
2019-12-08 18:22:18.881 - INFO  [           main] letWebServerApplicationContext : Root WebApplicationContext: initialization completed in 823 ms
2019-12-08 18:22:18.956 - INFO  [           main] a.DruidDataSourceAutoConfigure : Init DruidDataSource
2019-12-08 18:22:19.363 - INFO  [           main] c.a.d.p.DruidDataSource        : {dataSource-1} inited
2019-12-08 18:22:19.565 - WARN  [           main] daDateTimeJacksonConfiguration : Auto-configuration of Jackson's Joda-Time integration is deprecated in favor of using java.time (JSR-310).
2019-12-08 18:22:19.591 - INFO  [           main] c.ExecutorConfigurationSupport : Initializing ExecutorService 'applicationTaskExecutor'
2019-12-08 18:22:19.728 - INFO  [           main] o.a.j.l.DirectJDKLog           : Starting ProtocolHandler ["http-nio-8081"]
2019-12-08 18:22:19.743 - INFO  [           main] o.s.b.w.e.t.TomcatWebServer    : Tomcat started on port(s): 8081 (http) with context path ''
2019-12-08 18:22:19.746 - INFO  [           main] o.s.b.StartupInfoLogger        : Started SimProApplication in 2.364 seconds (JVM running for 3.073)
2019-12-08 18:25:54.046 - INFO  [nio-8081-exec-1] o.a.j.l.DirectJDKLog           : Initializing Spring DispatcherServlet 'dispatcherServlet'
2019-12-08 18:25:54.046 - INFO  [nio-8081-exec-1] o.s.w.s.FrameworkServlet       : Initializing Servlet 'dispatcherServlet'
2019-12-08 18:25:54.050 - INFO  [nio-8081-exec-1] o.s.w.s.FrameworkServlet       : Completed initialization in 4 ms
2019-12-08 18:38:49.865 - INFO  [nio-8081-exec-5] o.a.j.l.DirectJDKLog           : Error parsing HTTP request header
 Note: further occurrences of HTTP request parsing errors will be logged at DEBUG level.
java.lang.IllegalArgumentException: Invalid character found in method name. HTTP method names must be tokens
	at org.apache.coyote.http11.Http11InputBuffer.parseRequestLine(Http11InputBuffer.java:415) ~[tomcat-embed-core-9.0.29.jar:9.0.29]
	at org.apache.coyote.http11.Http11Processor.service(Http11Processor.java:260) [tomcat-embed-core-9.0.29.jar:9.0.29]
	at org.apache.coyote.AbstractProcessorLight.process(AbstractProcessorLight.java:65) [tomcat-embed-core-9.0.29.jar:9.0.29]
	at org.apache.coyote.AbstractProtocol$ConnectionHandler.process(AbstractProtocol.java:860) [tomcat-embed-core-9.0.29.jar:9.0.29]
	at org.apache.tomcat.util.net.NioEndpoint$SocketProcessor.doRun(NioEndpoint.java:1591) [tomcat-embed-core-9.0.29.jar:9.0.29]
	at org.apache.tomcat.util.net.SocketProcessorBase.run(SocketProcessorBase.java:49) [tomcat-embed-core-9.0.29.jar:9.0.29]
	at java.util.concurrent.ThreadPoolExecutor.runWorker(ThreadPoolExecutor.java:1149) [?:1.8.0_144]
	at java.util.concurrent.ThreadPoolExecutor$Worker.run(ThreadPoolExecutor.java:624) [?:1.8.0_144]
	at org.apache.tomcat.util.threads.TaskThread$WrappingRunnable.run(TaskThread.java:61) [tomcat-embed-core-9.0.29.jar:9.0.29]
	at java.lang.Thread.run(Thread.java:748) [?:1.8.0_144]
2019-12-08 18:43:19.393 - WARN  [nio-8081-exec-7] stractHandlerExceptionResolver : Resolved [org.springframework.web.HttpRequestMethodNotSupportedException: Request method 'GET' not supported]
2019-12-08 19:18:48.766 - WARN  [nio-8081-exec-9] stractHandlerExceptionResolver : Resolved [org.springframework.web.bind.MissingServletRequestParameterException: Required String parameter 'username' is not present]
2019-12-08 19:23:11.643 - WARN  [io-8081-exec-10] stractHandlerExceptionResolver : Resolved [org.springframework.web.bind.MissingServletRequestParameterException: Required String parameter 'username' is not present]
2019-12-08 19:30:00.929 - WARN  [nio-8081-exec-6] stractHandlerExceptionResolver : Resolved [org.springframework.web.bind.MissingServletRequestParameterException: Required String parameter 'username' is not present]
2019-12-08 19:59:40.803 - WARN  [nio-8081-exec-2] stractHandlerExceptionResolver : Resolved [org.springframework.web.bind.MissingServletRequestParameterException: Required String parameter 'username' is not present]
2019-12-08 20:56:51.928 - INFO  [extShutdownHook] c.ExecutorConfigurationSupport : Shutting down ExecutorService 'applicationTaskExecutor'
2019-12-08 20:56:52.022 - INFO  [extShutdownHook] c.a.d.p.DruidDataSource        : {dataSource-1} closed
